Drill report for mikrokosmos-ii.kicad_pcb
Created on Fri Sep  2 22:22:42 2022

Copper Layer Stackup:
    =============================================================
    L1 :  F.Cu                      front
    L2 :  B.Cu                      back


Drill file 'mikrokosmos-ii.drl' contains
    plated through holes:
    =============================================================
    T1  0.700mm  0.0276"  (3 holes)
    T2  0.800mm  0.0315"  (42 holes)
    T3  1.016mm  0.0400"  (10 holes)
    T4  1.100mm  0.0433"  (8 holes)
    T5  1.200mm  0.0472"  (4 holes)
    T6  1.300mm  0.0512"  (3 holes)

    Total plated holes count 70


Not plated through holes are merged with plated holes
    unplated through holes:
    =============================================================
    T7  3.200mm  0.1260"  (2 holes)

    Total unplated holes count 2
